[2025-02-26T17:32:25.094Z] [INFO] Server running on port 5000
[2025-02-26T18:05:08.193Z] [INFO] Server running on port 5000
[2025-02-26T18:06:55.984Z] [INFO] Server running on port 5000
[2025-02-26T18:11:36.454Z] [INFO] Server running on port 5000
[2025-02-26T18:12:24.814Z] [INFO] Server running on port 5000
[2025-02-26T18:12:45.170Z] [INFO] Server running on port 5000
[2025-02-26T18:16:41.804Z] [INFO] Server running on port 5000
[2025-02-26T19:05:06.629Z] [INFO] Server running on port 5000
[2025-02-26T19:06:23.239Z] [INFO] Server running on port 5000
[2025-02-26T19:07:24.373Z] [INFO] Server running on port 5000
[2025-02-26T19:25:26.362Z] [INFO] Server running on port 5000
[2025-02-26T19:27:16.819Z] [INFO] Server running on port 5000
[2025-02-26T19:27:33.935Z] [INFO] Server running on port 5000
[2025-02-28T12:11:02.146Z] [INFO] Server running on port 5000
[2025-03-01T04:43:03.252Z] [ERROR] Database connection failed: 
[2025-03-01T04:43:31.978Z] [INFO] Server running on port 5000
[2025-03-01T04:52:40.152Z] [INFO] Server running on port 5000
[2025-03-01T04:53:46.723Z] [INFO] Server running on port 5000
[2025-03-01T07:43:35.962Z] [INFO] Server running on port 5000
[2025-03-01T07:45:04.527Z] [INFO] Server running on port 5000
[2025-03-01T07:47:46.650Z] [INFO] Server running on port 5000
[2025-03-01T07:47:56.373Z] [INFO] Server running on port 5000
[2025-03-01T07:48:27.536Z] [INFO] Server running on port 5000
[2025-03-01T07:52:28.709Z] [INFO] Server running on port 5000
[2025-03-01T08:17:29.661Z] [INFO] Database connected successfully
[2025-03-01T08:17:29.665Z] [INFO] Server running on port 5000
[2025-03-01T08:17:29.676Z] [INFO] Deleted past events
[2025-03-02T07:15:13.310Z] [INFO] Database connected successfully
[2025-03-02T07:15:13.314Z] [INFO] Server running on port 5000
[2025-03-02T07:15:13.356Z] [INFO] Deleted past events
[2025-03-03T08:44:23.005Z] [INFO] Database connected successfully
[2025-03-03T08:44:23.011Z] [INFO] Server running on port 5000
[2025-03-03T08:44:23.058Z] [INFO] Deleted past events
[2025-03-03T14:45:42.129Z] [INFO] Database connected successfully
[2025-03-03T14:45:42.133Z] [INFO] Server running on port 5000
[2025-03-03T14:45:42.141Z] [INFO] Deleted past events
[2025-03-03T14:48:22.236Z] [INFO] Database connected successfully
[2025-03-03T14:48:22.240Z] [INFO] Server running on port 5000
[2025-03-03T14:48:22.244Z] [INFO] Deleted past events
[2025-03-03T14:48:26.678Z] [INFO] Database connected successfully
[2025-03-03T14:48:26.682Z] [INFO] Server running on port 5000
[2025-03-03T14:48:26.689Z] [INFO] Deleted past events
[2025-03-03T14:48:30.561Z] [INFO] Database connected successfully
[2025-03-03T14:48:30.566Z] [INFO] Server running on port 5000
[2025-03-03T14:48:30.572Z] [INFO] Deleted past events
[2025-03-03T15:13:15.865Z] [INFO] Database connected successfully
[2025-03-03T15:13:15.870Z] [INFO] Server running on port 5000
[2025-03-03T15:13:15.875Z] [INFO] Deleted past events
[2025-03-04T08:03:17.449Z] [INFO] Database connected successfully
[2025-03-04T08:03:17.456Z] [INFO] Server running on port 5000
[2025-03-04T08:03:17.495Z] [INFO] Deleted past events
[2025-03-04T08:10:47.081Z] [INFO] Database connected successfully
[2025-03-04T08:10:47.087Z] [INFO] Server running on port 5000
[2025-03-04T08:10:47.091Z] [INFO] Deleted past events
[2025-03-04T08:12:27.843Z] [INFO] Database connected successfully
[2025-03-04T08:12:27.849Z] [INFO] Server running on port 5000
[2025-03-04T08:12:27.854Z] [INFO] Deleted past events
[2025-03-04T08:14:30.472Z] [INFO] Database connected successfully
[2025-03-04T08:14:30.478Z] [INFO] Server running on port 5000
[2025-03-04T08:14:30.482Z] [INFO] Deleted past events
[2025-03-04T08:16:15.877Z] [INFO] Database connected successfully
[2025-03-04T08:16:15.881Z] [INFO] Server running on port 5000
[2025-03-04T08:16:15.884Z] [INFO] Deleted past events
[2025-03-04T08:35:51.513Z] [INFO] 🚀 Cron job scheduled: Deleting past events at midnight
[2025-03-04T08:35:52.632Z] [INFO] Database connected successfully
[2025-03-04T08:35:52.637Z] [INFO] Server running on port 5000
[2025-03-04T08:35:52.647Z] [INFO] ✅ Deleted 1 past events
[2025-03-04T08:36:50.964Z] [INFO] Database connected successfully
[2025-03-04T08:36:50.968Z] [INFO] Server running on port 5000
[2025-03-04T08:36:50.978Z] [INFO] Deleted 0 past events
[2025-03-04T08:39:51.885Z] [INFO] Database connected successfully
[2025-03-04T08:39:51.890Z] [INFO] Server running on port 5000
[2025-03-04T08:39:51.899Z] [INFO] Deleted 0 past events
[2025-03-04T08:46:05.685Z] [INFO] Database connected successfully
[2025-03-04T08:46:05.690Z] [INFO] Server running on port 5000
[2025-03-04T08:46:05.698Z] [INFO] Deleted 0 past events
[2025-03-04T08:56:12.641Z] [INFO] Database connected successfully
[2025-03-04T08:56:12.646Z] [INFO] Server running on port 5000
[2025-03-04T08:56:12.656Z] [INFO] Deleted 0 past events
[2025-03-04T08:56:25.173Z] [INFO] Database connected successfully
[2025-03-04T08:56:25.176Z] [INFO] Server running on port 5000
[2025-03-04T08:56:25.186Z] [INFO] Deleted 0 past events
[2025-03-04T09:07:35.097Z] [INFO] Database connected successfully
[2025-03-04T09:07:35.102Z] [INFO] Server running on port 5000
[2025-03-04T09:07:35.114Z] [INFO] Deleted 0 past events
[2025-03-04T09:14:51.935Z] [INFO] Database connected successfully
[2025-03-04T09:14:51.940Z] [INFO] Server running on port 5000
[2025-03-04T09:14:51.949Z] [INFO] Deleted 0 past events
[2025-03-05T04:47:31.703Z] [INFO] Database connected successfully
[2025-03-05T04:47:31.708Z] [INFO] Server running on port 5000
[2025-03-05T04:47:31.734Z] [INFO] Deleted 0 past events
[2025-03-05T04:59:02.628Z] [INFO] Database connected successfully
[2025-03-05T04:59:02.633Z] [INFO] Server running on port 5000
[2025-03-05T04:59:02.642Z] [INFO] Deleted 0 past events
[2025-03-05T05:18:42.062Z] [INFO] Database connected successfully
[2025-03-05T05:18:42.069Z] [INFO] Server running on port 5000
[2025-03-05T05:18:42.081Z] [INFO] Deleted 0 past events
[2025-03-05T05:34:50.431Z] [INFO] Database connected successfully
[2025-03-05T05:34:50.434Z] [INFO] Server running on port 5000
[2025-03-05T05:34:50.442Z] [INFO] Deleted 0 past events
